Base path: C:/Unity5/Editor/Data
Pipe name: \\.\pipe\UnityShaderCompiler-64bit-2-4296
Cmd: getPlatforms
Cmd: compileSnippet
  api=9 type=0 insize=977 outsize=16163 kw=DIRECTIONAL SHADOWS_OFF LIGHTMAP_OFF DIRLIGHTMAP_OFF DYNAMICLIGHTMAP_ON ok=1
Cmd: compileSnippet
  api=9 type=0 insize=977 outsize=17876 kw=DIRECTIONAL SHADOWS_OFF LIGHTMAP_OFF DIRLIGHTMAP_OFF DYNAMICLIGHTMAP_OFF VERTEXLIGHT_ON ok=1
Cmd: compileSnippet
  api=9 type=0 insize=977 outsize=17516 kw=DIRECTIONAL SHADOWS_SCREEN SHADOWS_NATIVE LIGHTMAP_OFF DIRLIGHTMAP_OFF DYNAMICLIGHTMAP_ON ok=1
Cmd: compileSnippet
  api=9 type=0 insize=977 outsize=17516 kw=DIRECTIONAL SHADOWS_SCREEN SHADOWS_NATIVE LIGHTMAP_OFF DIRLIGHTMAP_OFF DYNAMICLIGHTMAP_ON VERTEXLIGHT_ON ok=1
Cmd: compileSnippet
  api=9 type=0 insize=977 outsize=17722 kw=DIRECTIONAL SHADOWS_OFF LIGHTMAP_OFF DIRLIGHTMAP_OFF DYNAMICLIGHTMAP_OFF _NORMALMAP ok=1
Cmd: compileSnippet
  api=9 type=0 insize=977 outsize=19189 kw=DIRECTIONAL SHADOWS_OFF LIGHTMAP_OFF DIRLIGHTMAP_OFF DYNAMICLIGHTMAP_OFF VERTEXLIGHT_ON _NORMALMAP ok=1
Cmd: compileSnippet
  api=9 type=0 insize=977 outsize=18886 kw=DIRECTIONAL SHADOWS_SCREEN SHADOWS_NATIVE LIGHTMAP_OFF DIRLIGHTMAP_OFF DYNAMICLIGHTMAP_ON _NORMALMAP ok=1
Cmd: compileSnippet
  api=9 type=0 insize=977 outsize=18956 kw=DIRECTIONAL SHADOWS_SCREEN SHADOWS_NATIVE LIGHTMAP_OFF DIRLIGHTMAP_OFF DYNAMICLIGHTMAP_ON VERTEXLIGHT_ON _NORMALMAP ok=1
Cmd: compileSnippet
  api=9 type=1 insize=977 outsize=7 kw=DIRECTIONAL SHADOWS_OFF LIGHTMAP_OFF DIRLIGHTMAP_OFF DYNAMICLIGHTMAP_ON ok=1
Cmd: compileSnippet
  api=9 type=1 insize=977 outsize=7 kw=DIRECTIONAL SHADOWS_SCREEN SHADOWS_NATIVE LIGHTMAP_OFF DIRLIGHTMAP_OFF DYNAMICLIGHTMAP_OFF ok=1
Cmd: compileSnippet
  api=9 type=1 insize=977 outsize=7 kw=DIRECTIONAL SHADOWS_OFF LIGHTMAP_OFF DIRLIGHTMAP_OFF DYNAMICLIGHTMAP_OFF _NORMALMAP ok=1
Cmd: compileSnippet
  api=9 type=1 insize=977 outsize=7 kw=DIRECTIONAL SHADOWS_SCREEN SHADOWS_NATIVE LIGHTMAP_OFF DIRLIGHTMAP_OFF DYNAMICLIGHTMAP_OFF _NORMALMAP ok=1
Cmd: compileSnippet
  api=9 type=0 insize=934 outsize=14215 kw=DIRECTIONAL SHADOWS_OFF ok=1
Cmd: compileSnippet
  api=9 type=0 insize=934 outsize=17210 kw=SPOT SHADOWS_OFF ok=1
Cmd: compileSnippet
  api=9 type=0 insize=934 outsize=18288 kw=SPOT SHADOWS_DEPTH SHADOWS_NATIVE ok=1
Cmd: compileSnippet
  api=9 type=0 insize=934 outsize=17450 kw=POINT_COOKIE SHADOWS_CUBE ok=1
Cmd: compileSnippet
  api=9 type=0 insize=934 outsize=18475 kw=POINT SHADOWS_CUBE SHADOWS_SOFT ok=1
Cmd: compileSnippet
  api=9 type=0 insize=934 outsize=15496 kw=DIRECTIONAL SHADOWS_SCREEN SHADOWS_NATIVE ok=1
Cmd: compileSnippet
  api=9 type=0 insize=934 outsize=16604 kw=POINT SHADOWS_OFF _NORMALMAP ok=1
Cmd: compileSnippet
  api=9 type=0 insize=934 outsize=17562 kw=SPOT SHADOWS_OFF _NORMALMAP ok=1
Cmd: compileSnippet
  api=9 type=0 insize=934 outsize=15953 kw=DIRECTIONAL_COOKIE SHADOWS_OFF _NORMALMAP ok=1
Cmd: compileSnippet
  api=9 type=0 insize=934 outsize=17498 kw=POINT SHADOWS_CUBE _NORMALMAP ok=1
Cmd: compileSnippet
  api=9 type=0 insize=934 outsize=19608 kw=SPOT SHADOWS_DEPTH SHADOWS_SOFT SHADOWS_NATIVE _NORMALMAP ok=1
Cmd: compileSnippet
  api=9 type=0 insize=934 outsize=19038 kw=POINT_COOKIE SHADOWS_CUBE SHADOWS_SOFT _NORMALMAP ok=1
Cmd: compileSnippet
  api=9 type=0 insize=934 outsize=16937 kw=DIRECTIONAL_COOKIE SHADOWS_SCREEN SHADOWS_NATIVE _NORMALMAP ok=1
Cmd: compileSnippet
  api=9 type=1 insize=934 outsize=7 kw=DIRECTIONAL SHADOWS_OFF ok=1
Cmd: compileSnippet
  api=9 type=1 insize=934 outsize=7 kw=SPOT SHADOWS_OFF ok=1
Cmd: compileSnippet
  api=9 type=1 insize=934 outsize=7 kw=DIRECTIONAL_COOKIE SHADOWS_OFF ok=1
Cmd: compileSnippet
  api=9 type=1 insize=934 outsize=7 kw=POINT SHADOWS_CUBE ok=1
Cmd: compileSnippet
  api=9 type=1 insize=934 outsize=7 kw=SPOT SHADOWS_DEPTH SHADOWS_SOFT SHADOWS_NATIVE ok=1
Cmd: compileSnippet
  api=9 type=1 insize=934 outsize=7 kw=POINT_COOKIE SHADOWS_CUBE SHADOWS_SOFT ok=1
Cmd: compileSnippet
  api=9 type=1 insize=934 outsize=7 kw=DIRECTIONAL_COOKIE SHADOWS_SCREEN SHADOWS_NATIVE ok=1
Cmd: compileSnippet
  api=9 type=1 insize=934 outsize=7 kw=DIRECTIONAL SHADOWS_OFF _NORMALMAP ok=1
Cmd: compileSnippet
  api=9 type=1 insize=934 outsize=7 kw=POINT_COOKIE SHADOWS_OFF _NORMALMAP ok=1
Cmd: compileSnippet
  api=9 type=1 insize=934 outsize=7 kw=SPOT SHADOWS_DEPTH SHADOWS_NATIVE _NORMALMAP ok=1
Cmd: compileSnippet
  api=9 type=1 insize=934 outsize=7 kw=POINT_COOKIE SHADOWS_CUBE _NORMALMAP ok=1
Cmd: compileSnippet
  api=9 type=1 insize=934 outsize=7 kw=POINT SHADOWS_CUBE SHADOWS_SOFT _NORMALMAP ok=1
Cmd: compileSnippet
  api=9 type=1 insize=934 outsize=7 kw=DIRECTIONAL SHADOWS_SCREEN SHADOWS_NATIVE _NORMALMAP ok=1
Cmd: compileSnippet
  api=9 type=0 insize=751 outsize=7503 kw=SHADOWS_CUBE ok=1
Cmd: compileSnippet
  api=9 type=1 insize=751 outsize=7 kw=SHADOWS_CUBE ok=1
Cmd: compileSnippet
  api=9 type=0 insize=1148 outsize=16063 kw=LIGHTMAP_OFF DIRLIGHTMAP_OFF DYNAMICLIGHTMAP_OFF _NORMALMAP ok=1
Cmd: compileSnippet
  api=9 type=0 insize=1148 outsize=15958 kw=LIGHTMAP_OFF DIRLIGHTMAP_OFF DYNAMICLIGHTMAP_ON _NORMALMAP ok=1
Cmd: compileSnippet
  api=9 type=0 insize=1148 outsize=15994 kw=LIGHTMAP_OFF DIRLIGHTMAP_OFF DYNAMICLIGHTMAP_OFF UNITY_HDR_ON _NORMALMAP ok=1
Cmd: compileSnippet
  api=9 type=0 insize=1148 outsize=15889 kw=LIGHTMAP_OFF DIRLIGHTMAP_OFF DYNAMICLIGHTMAP_ON UNITY_HDR_ON _NORMALMAP ok=1
Cmd: compileSnippet
  api=9 type=1 insize=1148 outsize=7 kw=LIGHTMAP_OFF DIRLIGHTMAP_OFF DYNAMICLIGHTMAP_OFF _NORMALMAP ok=1
Cmd: compileSnippet
  api=9 type=1 insize=1148 outsize=7 kw=LIGHTMAP_OFF DIRLIGHTMAP_OFF DYNAMICLIGHTMAP_ON ok=1
Cmd: compileSnippet
  api=9 type=1 insize=1148 outsize=7 kw=LIGHTMAP_OFF DIRLIGHTMAP_OFF DYNAMICLIGHTMAP_OFF UNITY_HDR_ON ok=1
Cmd: compileSnippet
  api=9 type=1 insize=1148 outsize=7 kw=LIGHTMAP_OFF DIRLIGHTMAP_OFF DYNAMICLIGHTMAP_ON UNITY_HDR_ON ok=1
Cmd: compileSnippet
  api=9 type=0 insize=526 outsize=10409 kw= ok=1
Cmd: compileSnippet
  api=9 type=1 insize=526 outsize=7 kw= ok=1
Cmd: compileSnippet
  api=9 type=0 insize=903 outsize=14565 kw=DIRECTIONAL SHADOWS_OFF LIGHTMAP_OFF DIRLIGHTMAP_OFF DYNAMICLIGHTMAP_OFF ok=1
Cmd: compileSnippet
  api=5 type=0 insize=903 outsize=7023 kw=DIRECTIONAL SHADOWS_SCREEN LIGHTMAP_OFF DIRLIGHTMAP_OFF DYNAMICLIGHTMAP_OFF ok=1
Cmd: compileSnippet
  api=9 type=0 insize=903 outsize=16048 kw=DIRECTIONAL SHADOWS_OFF LIGHTMAP_OFF DIRLIGHTMAP_OFF DYNAMICLIGHTMAP_OFF VERTEXLIGHT_ON ok=1
Cmd: compileSnippet
  api=5 type=0 insize=903 outsize=7037 kw=DIRECTIONAL SHADOWS_SCREEN SHADOWS_NATIVE LIGHTMAP_OFF DIRLIGHTMAP_OFF DYNAMICLIGHTMAP_OFF ok=1
Cmd: compileSnippet
  api=5 type=0 insize=903 outsize=8675 kw=DIRECTIONAL SHADOWS_SCREEN SHADOWS_NATIVE LIGHTMAP_OFF DIRLIGHTMAP_OFF DYNAMICLIGHTMAP_OFF VERTEXLIGHT_ON ok=1
Cmd: compileSnippet
  api=5 type=0 insize=903 outsize=8540 kw=DIRECTIONAL SHADOWS_OFF LIGHTMAP_OFF DIRLIGHTMAP_OFF DYNAMICLIGHTMAP_OFF _NORMALMAP ok=1
Cmd: compileSnippet
  api=5 type=0 insize=903 outsize=10180 kw=DIRECTIONAL SHADOWS_OFF LIGHTMAP_OFF DIRLIGHTMAP_OFF DYNAMICLIGHTMAP_OFF VERTEXLIGHT_ON _NORMALMAP ok=1
Cmd: compileSnippet
  api=5 type=0 insize=903 outsize=10791 kw=DIRECTIONAL SHADOWS_SCREEN LIGHTMAP_OFF DIRLIGHTMAP_OFF DYNAMICLIGHTMAP_OFF VERTEXLIGHT_ON _NORMALMAP ok=1
Cmd: compileSnippet
  api=9 type=0 insize=903 outsize=17032 kw=DIRECTIONAL SHADOWS_SCREEN SHADOWS_NATIVE LIGHTMAP_OFF DIRLIGHTMAP_OFF DYNAMICLIGHTMAP_OFF _NORMALMAP ok=1
Cmd: compileSnippet
  api=9 type=0 insize=903 outsize=18485 kw=DIRECTIONAL SHADOWS_SCREEN SHADOWS_NATIVE LIGHTMAP_OFF DIRLIGHTMAP_OFF DYNAMICLIGHTMAP_OFF VERTEXLIGHT_ON _NORMALMAP ok=1
Cmd: compileSnippet
  api=9 type=1 insize=903 outsize=7 kw=DIRECTIONAL SHADOWS_OFF LIGHTMAP_OFF DIRLIGHTMAP_OFF DYNAMICLIGHTMAP_OFF ok=1
Cmd: compileSnippet
  api=5 type=1 insize=903 outsize=6 kw=DIRECTIONAL SHADOWS_SCREEN LIGHTMAP_OFF DIRLIGHTMAP_OFF DYNAMICLIGHTMAP_OFF ok=1
Cmd: compileSnippet
  api=9 type=1 insize=903 outsize=7 kw=DIRECTIONAL SHADOWS_SCREEN SHADOWS_NATIVE LIGHTMAP_OFF DIRLIGHTMAP_OFF DYNAMICLIGHTMAP_OFF ok=1
Cmd: compileSnippet
  api=5 type=1 insize=903 outsize=6 kw=DIRECTIONAL SHADOWS_SCREEN LIGHTMAP_OFF DIRLIGHTMAP_OFF DYNAMICLIGHTMAP_OFF _NORMALMAP ok=1
Cmd: compileSnippet
  api=9 type=1 insize=903 outsize=7 kw=DIRECTIONAL SHADOWS_SCREEN SHADOWS_NATIVE LIGHTMAP_OFF DIRLIGHTMAP_OFF DYNAMICLIGHTMAP_OFF _NORMALMAP ok=1
Cmd: compileSnippet
  api=9 type=0 insize=812 outsize=15021 kw=POINT SHADOWS_OFF ok=1
Cmd: compileSnippet
  api=5 type=0 insize=812 outsize=5592 kw=DIRECTIONAL SHADOWS_OFF ok=1
Cmd: compileSnippet
  api=9 type=0 insize=812 outsize=15964 kw=SPOT SHADOWS_OFF ok=1
Cmd: compileSnippet
  api=5 type=0 insize=812 outsize=6348 kw=POINT_COOKIE SHADOWS_OFF ok=1
Cmd: compileSnippet
  api=9 type=0 insize=812 outsize=14366 kw=DIRECTIONAL_COOKIE SHADOWS_OFF ok=1
Cmd: compileSnippet
  api=5 type=0 insize=812 outsize=7289 kw=SPOT SHADOWS_DEPTH SHADOWS_NONATIVE ok=1
Cmd: compileSnippet
  api=9 type=0 insize=812 outsize=16974 kw=SPOT SHADOWS_DEPTH SHADOWS_NATIVE ok=1
Cmd: compileSnippet
  api=5 type=0 insize=812 outsize=6561 kw=DIRECTIONAL_COOKIE SHADOWS_SCREEN ok=1
Cmd: compileSnippet
  api=9 type=0 insize=812 outsize=15919 kw=POINT SHADOWS_CUBE ok=1
Cmd: compileSnippet
  api=5 type=0 insize=812 outsize=7101 kw=POINT_COOKIE SHADOWS_CUBE ok=1
Cmd: compileSnippet
  api=9 type=0 insize=812 outsize=14318 kw=DIRECTIONAL SHADOWS_SCREEN SHADOWS_NATIVE ok=1
Cmd: compileSnippet
  api=5 type=0 insize=812 outsize=6628 kw=DIRECTIONAL_COOKIE SHADOWS_SCREEN SHADOWS_NATIVE ok=1
Cmd: compileSnippet
  api=9 type=0 insize=812 outsize=15293 kw=POINT SHADOWS_OFF _NORMALMAP ok=1
Cmd: compileSnippet
  api=5 type=0 insize=812 outsize=6240 kw=DIRECTIONAL SHADOWS_OFF _NORMALMAP ok=1
Cmd: compileSnippet
  api=9 type=0 insize=812 outsize=16236 kw=SPOT SHADOWS_OFF _NORMALMAP ok=1
Cmd: compileSnippet
  api=5 type=0 insize=812 outsize=6991 kw=POINT_COOKIE SHADOWS_OFF _NORMALMAP ok=1
Cmd: compileSnippet
  api=9 type=0 insize=812 outsize=14638 kw=DIRECTIONAL_COOKIE SHADOWS_OFF _NORMALMAP ok=1
Cmd: compileSnippet
  api=5 type=0 insize=812 outsize=7931 kw=SPOT SHADOWS_DEPTH SHADOWS_NONATIVE _NORMALMAP ok=1
Cmd: compileSnippet
  api=9 type=0 insize=812 outsize=17246 kw=SPOT SHADOWS_DEPTH SHADOWS_NATIVE _NORMALMAP ok=1
Cmd: compileSnippet
  api=5 type=0 insize=812 outsize=7204 kw=DIRECTIONAL_COOKIE SHADOWS_SCREEN _NORMALMAP ok=1
Cmd: compileSnippet
  api=9 type=0 insize=812 outsize=16191 kw=POINT SHADOWS_CUBE _NORMALMAP ok=1
Cmd: compileSnippet
  api=9 type=0 insize=812 outsize=16409 kw=POINT_COOKIE SHADOWS_CUBE _NORMALMAP ok=1
Cmd: compileSnippet
  api=5 type=0 insize=812 outsize=6885 kw=DIRECTIONAL SHADOWS_SCREEN SHADOWS_NATIVE _NORMALMAP ok=1
Cmd: compileSnippet
  api=9 type=0 insize=812 outsize=15662 kw=DIRECTIONAL_COOKIE SHADOWS_SCREEN SHADOWS_NATIVE _NORMALMAP ok=1
Cmd: compileSnippet
  api=9 type=1 insize=812 outsize=7 kw=POINT SHADOWS_OFF ok=1
Cmd: compileSnippet
  api=9 type=1 insize=812 outsize=7 kw=DIRECTIONAL SHADOWS_OFF ok=1
Cmd: compileSnippet
  api=9 type=1 insize=812 outsize=7 kw=SPOT SHADOWS_OFF ok=1
Cmd: compileSnippet
  api=9 type=1 insize=812 outsize=7 kw=POINT_COOKIE SHADOWS_OFF ok=1
Cmd: compileSnippet
  api=9 type=1 insize=812 outsize=7 kw=DIRECTIONAL_COOKIE SHADOWS_OFF ok=1
Cmd: compileSnippet
  api=5 type=1 insize=812 outsize=6 kw=SPOT SHADOWS_DEPTH SHADOWS_NONATIVE ok=1
Cmd: compileSnippet
  api=5 type=1 insize=812 outsize=6 kw=DIRECTIONAL SHADOWS_SCREEN ok=1
Cmd: compileSnippet
  api=5 type=1 insize=812 outsize=6 kw=POINT SHADOWS_CUBE ok=1
Cmd: compileSnippet
  api=5 type=1 insize=812 outsize=6 kw=POINT_COOKIE SHADOWS_CUBE ok=1
Cmd: compileSnippet
  api=5 type=1 insize=812 outsize=6 kw=DIRECTIONAL SHADOWS_SCREEN SHADOWS_NATIVE ok=1
Cmd: compileSnippet
  api=5 type=1 insize=812 outsize=6 kw=DIRECTIONAL_COOKIE SHADOWS_SCREEN SHADOWS_NATIVE ok=1
Cmd: compileSnippet
  api=5 type=1 insize=812 outsize=6 kw=POINT SHADOWS_OFF _NORMALMAP ok=1
Cmd: compileSnippet
  api=5 type=1 insize=812 outsize=6 kw=DIRECTIONAL SHADOWS_OFF _NORMALMAP ok=1
Cmd: compileSnippet
  api=5 type=1 insize=812 outsize=6 kw=SPOT SHADOWS_OFF _NORMALMAP ok=1
Cmd: compileSnippet
  api=5 type=1 insize=812 outsize=6 kw=POINT_COOKIE SHADOWS_OFF _NORMALMAP ok=1
Cmd: compileSnippet
  api=9 type=1 insize=812 outsize=7 kw=POINT_COOKIE SHADOWS_OFF _NORMALMAP ok=1
Cmd: compileSnippet
  api=9 type=1 insize=812 outsize=7 kw=DIRECTIONAL_COOKIE SHADOWS_OFF _NORMALMAP ok=1
Cmd: compileSnippet
  api=5 type=1 insize=812 outsize=6 kw=SPOT SHADOWS_DEPTH SHADOWS_NATIVE _NORMALMAP ok=1
Cmd: compileSnippet
  api=5 type=1 insize=812 outsize=6 kw=DIRECTIONAL SHADOWS_SCREEN _NORMALMAP ok=1
Cmd: compileSnippet
  api=5 type=1 insize=812 outsize=6 kw=POINT SHADOWS_CUBE _NORMALMAP ok=1
Cmd: compileSnippet
  api=5 type=1 insize=812 outsize=6 kw=POINT_COOKIE SHADOWS_CUBE _NORMALMAP ok=1
Cmd: compileSnippet
  api=5 type=1 insize=812 outsize=6 kw=DIRECTIONAL SHADOWS_SCREEN SHADOWS_NATIVE _NORMALMAP ok=1
Cmd: compileSnippet
  api=5 type=1 insize=812 outsize=6 kw=DIRECTIONAL_COOKIE SHADOWS_SCREEN SHADOWS_NATIVE _NORMALMAP ok=1
Cmd: compileSnippet
  api=9 type=0 insize=600 outsize=6550 kw=SHADOWS_DEPTH ok=1
Cmd: compileSnippet
  api=5 type=0 insize=600 outsize=809 kw=SHADOWS_CUBE ok=1
Cmd: compileSnippet
  api=9 type=1 insize=600 outsize=7 kw=SHADOWS_DEPTH ok=1
Cmd: compileSnippet
  api=9 type=1 insize=600 outsize=7 kw=SHADOWS_CUBE ok=1
Cmd: compileSnippet
  api=9 type=0 insize=526 outsize=10409 kw= ok=1
Cmd: compileSnippet
  api=9 type=1 insize=526 outsize=7 kw= ok=1
Unhandled exception: Readfile from pipe failed. GLE=パイプは終了しました。


Quitting shader compiler process
